\BOOKMARK [1][-]{section.1}{\376\377\000L\000e\000c\000t\000u\000r\000e\000\040\0001\000:\000\040\000I\000n\000t\000r\000o\000d\000u\000c\000t\000i\000o\000n}{}% 1
\BOOKMARK [2][-]{subsection.1.1}{\376\377\000M\000a\000c\000r\000o\000\040\000M\000o\000d\000e\000l}{section.1}% 2
\BOOKMARK [3][-]{subsubsection.1.1.1}{\376\377\000W\000h\000a\000t\000\040\000i\000s\000\040\000a\000\040\000m\000a\000c\000r\000o\000\040\000m\000o\000d\000e\000l\000?}{subsection.1.1}% 3
\BOOKMARK [3][-]{subsubsection.1.1.2}{\376\377\000A\000\040\000s\000i\000m\000p\000l\000e\000\040\000e\000x\000a\000m\000p\000l\000e\000\040\000o\000f\000\040\000m\000a\000c\000r\000o\000\040\000m\000o\000d\000e\000l}{subsection.1.1}% 4
\BOOKMARK [2][-]{subsection.1.2}{\376\377\000M\000a\000r\000k\000e\000t\000\040\000S\000t\000r\000u\000c\000t\000u\000r\000e}{section.1}% 5
\BOOKMARK [2][-]{subsection.1.3}{\376\377\000P\000r\000o\000p\000e\000r\000t\000y\000\040\000o\000f\000\040\000U\000\050\000c\000\051}{section.1}% 6
\BOOKMARK [3][-]{subsubsection.1.3.1}{\376\377\000A\000\040\000e\000x\000a\000m\000p\000l\000e\000\040\000o\000f\000\040\000s\000t\000a\000n\000d\000a\000r\000d\000\040\000u\000t\000i\000l\000i\000t\000y\000\040\000f\000u\000n\000c\000t\000i\000o\000n}{subsection.1.3}% 7
\BOOKMARK [3][-]{subsubsection.1.3.2}{\376\377\000S\000o\000m\000e\000\040\000o\000f\000\040\000t\000h\000e\000\040\000o\000t\000h\000e\000r\000\040\000p\000r\000o\000p\000e\000r\000t\000i\000e\000s}{subsection.1.3}% 8
\BOOKMARK [2][-]{subsection.1.4}{\376\377\000P\000r\000o\000p\000e\000r\000t\000i\000e\000s\000\040\000o\000f\000\040\000P\000r\000o\000d\000u\000c\000t\000i\000o\000n\000\040\000F\000u\000n\000c\000t\000i\000o\000n\000\040\000F}{section.1}% 9
\BOOKMARK [3][-]{subsubsection.1.4.1}{\376\377\000E\000u\000l\000e\000r\000'\000s\000\040\000T\000h\000e\000o\000r\000e\000m}{subsection.1.4}% 10
\BOOKMARK [3][-]{subsubsection.1.4.2}{\376\377\000S\000o\000m\000e\000\040\000p\000r\000o\000p\000e\000r\000t\000i\000e\000s\000\040\000a\000b\000o\000u\000t\000\040\000F}{subsection.1.4}% 11
\BOOKMARK [3][-]{subsubsection.1.4.3}{\376\377\000A\000\040\000e\000x\000a\000m\000p\000l\000e\000\040\000o\000f\000\040\000F\000:\000\040\000C\000E\000S\000\040\000P\000r\000o\000d\000u\000c\000t\000i\000o\000n\000\040\000F\000u\000n\000c\000t\000i\000o\000n}{subsection.1.4}% 12
\BOOKMARK [3][-]{subsubsection.1.4.4}{\376\377\000C\000o\000b\000b\000-\000D\000o\000u\000g\000l\000a\000s\000\040\000p\000r\000o\000d\000u\000c\000t\000i\000o\000n\000\040\000f\000u\000n\000t\000i\000o\000n}{subsection.1.4}% 13
\BOOKMARK [3][-]{subsubsection.1.4.5}{\376\377\000B\000a\000l\000a\000n\000c\000e\000d\000\040\000G\000r\000o\000w\000t\000h\000\040\000P\000a\000t\000h}{subsection.1.4}% 14
\BOOKMARK [1][-]{section.2}{\376\377\000L\000e\000c\000t\000u\000r\000e\000\040\0002\000:\000\040\000A\000\040\000S\000i\000m\000p\000l\000e\000\040\000D\000y\000n\000a\000m\000i\000c\000\040\000E\000c\000o\000n\000o\000m\000y}{}% 15
\BOOKMARK [2][-]{subsection.2.1}{\376\377\000A\000\040\000v\000e\000r\000y\000\040\000s\000i\000m\000p\000l\000e\000\040\000m\000o\000d\000e\000l}{section.2}% 16
\BOOKMARK [2][-]{subsection.2.2}{\376\377\000B\000a\000s\000i\000c\000\040\000e\000l\000e\000m\000e\000n\000t\000s\000\040\000i\000n\000\040\000t\000h\000e\000\040\000m\000o\000d\000e\000l}{section.2}% 17
\BOOKMARK [2][-]{subsection.2.3}{\376\377\000D\000e\000f\000i\000n\000i\000t\000i\000o\000n\000\040\000o\000f\000\040\000C\000o\000m\000p\000e\000t\000i\000t\000i\000v\000e\000\040\000E\000q\000u\000i\000l\000i\000b\000r\000i\000u\000m}{section.2}% 18
\BOOKMARK [2][-]{subsection.2.4}{\376\377\000S\000o\000l\000u\000t\000i\000o\000n\000\040\000f\000o\000r\000\040\000A\000D\000E}{section.2}% 19
\BOOKMARK [3][-]{subsubsection.2.4.1}{\376\377\000C\000o\000m\000m\000o\000n\000\040\000m\000e\000t\000h\000o\000d}{subsection.2.4}% 20
\BOOKMARK [2][-]{subsection.2.5}{\376\377\000N\000e\000g\000i\000s\000h\000i\000'\000s\000\040\000M\000e\000t\000h\000o\000d\000\040\000t\000o\000\040\000C\000o\000m\000p\000u\000t\000e\000\040\000E\000q\000u\000i\000l\000i\000b\000r\000i\000u\000m}{section.2}% 21
\BOOKMARK [3][-]{subsubsection.2.5.1}{\376\377\000P\000a\000r\000e\000t\000o\000\040\000E\000f\000f\000i\000c\000i\000e\000n\000t}{subsection.2.5}% 22
\BOOKMARK [3][-]{subsubsection.2.5.2}{\376\377\000N\000e\000g\000i\000s\000h\000i\000'\000s\000\040\000M\000e\000t\000h\000o\000d\000\040\000t\000o\000\040\000C\000o\000m\000p\000u\000t\000e\000\040\000E\000q\000u\000i\000l\000i\000b\000r\000i\000u\000m}{subsection.2.5}% 23
\BOOKMARK [2][-]{subsection.2.6}{\376\377\000S\000e\000q\000u\000e\000n\000t\000i\000a\000l\000\040\000M\000a\000r\000k\000e\000t\000\040\000E\000q\000u\000i\000l\000i\000b\000r\000i\000u\000m}{section.2}% 24
\BOOKMARK [3][-]{subsubsection.2.6.1}{\376\377\000N\000o\000-\000P\000o\000n\000z\000i\000\040\000s\000c\000h\000e\000m\000e\000s}{subsection.2.6}% 25
\BOOKMARK [2][-]{subsection.2.7}{\376\377\000S\000o\000l\000u\000t\000i\000o\000n\000\040\000f\000o\000r\000\040\000S\000M\000E}{section.2}% 26
\BOOKMARK [3][-]{subsubsection.2.7.1}{\376\377\000C\000o\000m\000m\000o\000n\000\040\000m\000e\000t\000h\000o\000d}{subsection.2.7}% 27
\BOOKMARK [1][-]{section.3}{\376\377\000L\000e\000c\000t\000u\000r\000e\000\040\0003\000:\000\040\000D\000y\000n\000a\000m\000i\000c\000\040\000P\000r\000o\000g\000r\000a\000m\000m\000i\000n\000g\000\040\000P\000a\000r\000t\000\040\000I}{}% 28
\BOOKMARK [2][-]{subsection.3.1}{\376\377\000I\000n\000t\000r\000o\000:\000\040\000T\000h\000e\000\040\000N\000e\000o\000c\000l\000a\000s\000s\000i\000c\000a\000l\000\040\000G\000r\000o\000w\000t\000h\000\040\000M\000o\000d\000e\000l}{section.3}% 29
\BOOKMARK [3][-]{subsubsection.3.1.1}{\376\377\000S\000o\000m\000e\000\040\000e\000s\000s\000e\000n\000t\000i\000a\000l\000\040\000e\000l\000e\000m\000e\000n\000t\000s\000\040\000i\000n\000\040\000t\000h\000e\000\040\000m\000o\000d\000e\000l}{subsection.3.1}% 30
\BOOKMARK [3][-]{subsubsection.3.1.2}{\376\377\000F\000o\000r\000\040\000t\000h\000e\000\040\000h\000o\000u\000s\000e\000h\000o\000l\000d}{subsection.3.1}% 31
\BOOKMARK [3][-]{subsubsection.3.1.3}{\376\377\000T\000h\000e\000\040\000O\000p\000t\000i\000m\000a\000l\000\040\000P\000r\000o\000b\000l\000e\000m}{subsection.3.1}% 32
\BOOKMARK [2][-]{subsection.3.2}{\376\377\000M\000e\000t\000h\000o\000d\000\040\000t\000o\000\040\000s\000o\000l\000u\000t\000e\000\040\000t\000h\000e\000\040\000p\000r\000o\000b\000l\000e\000m}{section.3}% 33
\BOOKMARK [3][-]{subsubsection.3.2.1}{\376\377\000G\000u\000e\000s\000s\000\040\000a\000n\000d\000\040\000v\000e\000r\000i\000f\000y}{subsection.3.2}% 34
\BOOKMARK [3][-]{subsubsection.3.2.2}{\376\377\000V\000a\000l\000u\000e\000\040\000F\000u\000n\000c\000t\000i\000o\000n\000\040\000I\000t\000e\000r\000a\000t\000i\000o\000n}{subsection.3.2}% 35
\BOOKMARK [3][-]{subsubsection.3.2.3}{\376\377\000E\000u\000l\000e\000r\000\040\000E\000q\000u\000a\000t\000i\000o\000n\000s\000\040\000a\000n\000d\000\040\000T\000V\000C\000\040\000m\000e\000t\000h\000o\000d}{subsection.3.2}% 36
\BOOKMARK [2][-]{subsection.3.3}{\376\377\000C\000o\000m\000p\000e\000t\000i\000t\000i\000v\000e\000\040\000E\000q\000u\000i\000l\000i\000b\000r\000i\000u\000m}{section.3}% 37
\BOOKMARK [3][-]{subsubsection.3.3.1}{\376\377\000D\000e\000f\000i\000n\000i\000t\000i\000o\000n\000\040\000o\000f\000\040\000C\000o\000m\000p\000e\000t\000i\000t\000i\000v\000e\000\040\000E\000q\000u\000i\000l\000i\000b\000r\000i\000u\000m}{subsection.3.3}% 38
\BOOKMARK [3][-]{subsubsection.3.3.2}{\376\377\000C\000h\000a\000r\000a\000c\000t\000e\000r\000i\000z\000a\000t\000i\000o\000n\000\040\000o\000\040\000t\000h\000e\000\040\000C\000o\000m\000p\000e\000t\000i\000t\000i\000v\000e\000\040\000E\000q\000u\000i\000l\000i\000b\000r\000i\000u\000m\000\040\000a\000n\000d\000\040\000t\000h\000e\000\040\000W\000e\000l\000f\000a\000r\000e\000\040\000T\000h\000e\000o\000r\000e\000m\000s}{subsection.3.3}% 39
\BOOKMARK [2][-]{subsection.3.4}{\376\377\000S\000e\000q\000u\000e\000n\000t\000i\000a\000l\000\040\000M\000a\000r\000k\000e\000t\000\040\000E\000q\000u\000i\000l\000i\000b\000r\000i\000u\000m}{section.3}% 40
\BOOKMARK [2][-]{subsection.3.5}{\376\377\000R\000e\000c\000u\000r\000s\000i\000v\000e\000\040\000C\000o\000m\000p\000e\000t\000i\000t\000i\000v\000e\000\040\000E\000q\000u\000i\000l\000i\000b\000r\000i\000u\000m}{section.3}% 41
\BOOKMARK [1][-]{section.4}{\376\377\000L\000e\000c\000t\000u\000r\000e\000\040\0004\000:\000\040\000D\000y\000n\000a\000m\000i\000c\000\040\000P\000r\000o\000g\000r\000a\000m\000m\000i\000n\000g\000\040\000P\000a\000r\000t\000\040\000I\000I}{}% 42
\BOOKMARK [2][-]{subsection.4.1}{\376\377\000I\000n\000t\000r\000o}{section.4}% 43
\BOOKMARK [2][-]{subsection.4.2}{\376\377\000O\000p\000e\000r\000a\000t\000o\000r\000\040\000T}{section.4}% 44
\BOOKMARK [2][-]{subsection.4.3}{\376\377\000C\000o\000n\000t\000r\000a\000c\000t\000i\000o\000n\000\040\000M\000a\000p\000p\000i\000n\000g\000\040\000T\000h\000e\000o\000r\000e\000m}{section.4}% 45
\BOOKMARK [3][-]{subsubsection.4.3.1}{\376\377\000E\000x\000i\000s\000t\000e\000n\000c\000e\000\040\000a\000n\000d\000\040\000U\000n\000i\000q\000u\000e\000n\000e\000s\000s}{subsection.4.3}% 46
\BOOKMARK [3][-]{subsubsection.4.3.2}{\376\377\000C\000o\000n\000v\000e\000r\000g\000e\000n\000c\000e}{subsection.4.3}% 47
\BOOKMARK [2][-]{subsection.4.4}{\376\377\000B\000l\000a\000c\000k\000w\000e\000l\000l\000'\000s\000\040\000S\000u\000f\000f\000i\000c\000i\000e\000n\000t\000\040\000C\000o\000n\000d\000i\000t\000i\000o\000n\000s}{section.4}% 48
\BOOKMARK [1][-]{section.5}{\376\377\000L\000e\000c\000t\000u\000r\000e\000\040\0005\000:\000\040\000M\000o\000d\000e\000l\000s\000\040\000w\000i\000t\000h\000\040\000R\000i\000s\000k}{}% 49
\BOOKMARK [2][-]{subsection.5.1}{\376\377\000W\000h\000a\000t\000\040\000i\000s\000\040\000t\000h\000e\000\040\000r\000i\000s\000k}{section.5}% 50
\BOOKMARK [2][-]{subsection.5.2}{\376\377\000A\000D\000E\000\040\000m\000o\000d\000e\000l\000\040\000w\000i\000t\000h\000\040\000r\000i\000s\000k}{section.5}% 51
\BOOKMARK [3][-]{subsubsection.5.2.1}{\376\377\000S\000o\000m\000e\000\040\000N\000o\000t\000a\000t\000i\000o\000n\000s}{subsection.5.2}% 52
\BOOKMARK [3][-]{subsubsection.5.2.2}{\376\377\000A\000r\000r\000o\000w\000-\000D\000e\000b\000r\000e\000u\000\040\000E\000q\000u\000i\000l\000i\000b\000r\000i\000u\000m}{subsection.5.2}% 53
\BOOKMARK [3][-]{subsubsection.5.2.3}{\376\377\000S\000o\000l\000u\000t\000i\000o\000n\000\040\000f\000o\000r\000\040\000A\000D\000E\000\040\000w\000i\000t\000h\000\040\000r\000i\000s\000k}{subsection.5.2}% 54
\BOOKMARK [3][-]{subsubsection.5.2.4}{\376\377\000A\000\040\000L\000i\000t\000t\000l\000e\000\040\000P\000r\000o\000b\000l\000e\000m}{subsection.5.2}% 55
\BOOKMARK [3][-]{subsubsection.5.2.5}{\376\377\000C\000h\000a\000r\000a\000c\000t\000e\000r\000i\000z\000a\000t\000i\000o\000n\000\040\000o\000f\000\040\000A\000D\000E}{subsection.5.2}% 56
\BOOKMARK [2][-]{subsection.5.3}{\376\377\000P\000a\000r\000e\000t\000o\000\040\000E\000f\000f\000i\000c\000i\000e\000n\000t\000\040\000w\000i\000t\000h\000\040\000R\000i\000s\000k}{section.5}% 57
\BOOKMARK [2][-]{subsection.5.4}{\376\377\000S\000e\000q\000u\000e\000n\000t\000i\000a\000l\000\040\000M\000a\000r\000k\000e\000t\000s\000\040\000E\000q\000u\000i\000l\000i\000b\000r\000i\000u\000m}{section.5}% 58
\BOOKMARK [3][-]{subsubsection.5.4.1}{\376\377\000S\000o\000m\000e\000\040\000N\000o\000t\000a\000t\000i\000o\000n\000s}{subsection.5.4}% 59
\BOOKMARK [3][-]{subsubsection.5.4.2}{\376\377\000S\000e\000q\000u\000e\000n\000t\000i\000a\000l\000\040\000M\000a\000r\000k\000e\000t\000s\000\040\000E\000q\000u\000i\000l\000i\000b\000r\000i\000u\000m}{subsection.5.4}% 60
\BOOKMARK [3][-]{subsubsection.5.4.3}{\376\377\000E\000q\000u\000i\000v\000a\000l\000e\000n\000c\000e\000\040\000b\000e\000t\000w\000e\000e\000n\000\040\000A\000D\000E\000\040\000a\000n\000d\000\040\000S\000M\000E}{subsection.5.4}% 61
\BOOKMARK [2][-]{subsection.5.5}{\376\377\000A\000s\000s\000e\000t\000\040\000P\000r\000i\000c\000i\000n\000g}{section.5}% 62
\BOOKMARK [2][-]{subsection.5.6}{\376\377\000M\000a\000r\000k\000o\000v\000\040\000P\000r\000o\000c\000e\000s\000s\000e\000s}{section.5}% 63
\BOOKMARK [2][-]{subsection.5.7}{\376\377\000S\000t\000o\000c\000h\000a\000s\000t\000i\000c\000\040\000N\000e\000o\000c\000l\000a\000s\000s\000i\000c\000a\000l\000\040\000G\000r\000o\000w\000t\000h\000\040\000M\000o\000d\000e\000l}{section.5}% 64
\BOOKMARK [3][-]{subsubsection.5.7.1}{\376\377\000M\000o\000d\000e\000l\000\040\000S\000e\000t\000t\000i\000n\000g}{subsection.5.7}% 65
\BOOKMARK [3][-]{subsubsection.5.7.2}{\376\377\000K\000e\000y\000\040\000O\000p\000t\000i\000m\000a\000l\000i\000t\000y\000\040\000C\000o\000n\000d\000i\000t\000i\000o\000n\000s}{subsection.5.7}% 66
\BOOKMARK [3][-]{subsubsection.5.7.3}{\376\377\000R\000e\000c\000u\000r\000s\000i\000v\000e\000\040\000C\000o\000m\000p\000e\000t\000i\000t\000i\000v\000e\000\040\000E\000q\000u\000i\000l\000i\000b\000r\000i\000u\000m}{subsection.5.7}% 67
\BOOKMARK [1][-]{section.6}{\376\377\000L\000e\000c\000t\000u\000r\000e\000\040\0006\000:\000\040\000S\000e\000a\000r\000c\000h\000,\000\040\000M\000a\000t\000c\000h\000i\000n\000g\000\040\000a\000n\000d\000\040\000U\000n\000e\000m\000p\000l\000o\000y\000m\000e\000n\000t}{}% 68
\BOOKMARK [2][-]{subsection.6.1}{\376\377\000M\000c\000C\000a\000l\000l\000'\000s\000\040\000m\000o\000d\000e\000l\000\040\000o\000f\000\040\000i\000n\000t\000e\000r\000t\000e\000m\000p\000o\000r\000a\000l\000\040\000j\000o\000b\000\040\000s\000e\000a\000r\000c\000h}{section.6}% 69
\BOOKMARK [3][-]{subsubsection.6.1.1}{\376\377\000M\000o\000d\000e\000l\000\040\000S\000e\000t\000t\000i\000n\000g}{subsection.6.1}% 70
\BOOKMARK [3][-]{subsubsection.6.1.2}{\376\377\000R\000e\000s\000e\000r\000v\000a\000t\000i\000o\000n\000\040\000W\000a\000g\000e}{subsection.6.1}% 71
\BOOKMARK [3][-]{subsubsection.6.1.3}{\376\377\000M\000e\000a\000n\000-\000P\000r\000e\000s\000e\000r\000v\000i\000n\000g\000\040\000S\000p\000r\000e\000a\000d\000\040\000o\000f\000\040\000R\000i\000s\000k\000i\000n\000e\000s\000s}{subsection.6.1}% 72
\BOOKMARK [2][-]{subsection.6.2}{\376\377\000D\000i\000a\000m\000o\000n\000d\000-\000M\000o\000r\000t\000e\000n\000s\000e\000n\000-\000P\000i\000s\000s\000a\000r\000i\000d\000e\000s\000\040\000M\000o\000d\000e\000l}{section.6}% 73
\BOOKMARK [3][-]{subsubsection.6.2.1}{\376\377\000B\000a\000s\000i\000c\000\040\000I\000d\000e\000a\000s}{subsection.6.2}% 74
\BOOKMARK [3][-]{subsubsection.6.2.2}{\376\377\000M\000a\000t\000c\000h\000i\000n\000g\000\040\000F\000u\000n\000c\000t\000i\000o\000n}{subsection.6.2}% 75
\BOOKMARK [3][-]{subsubsection.6.2.3}{\376\377\000B\000e\000v\000e\000r\000i\000d\000g\000e\000\040\000C\000u\000r\000v\000e}{subsection.6.2}% 76
\BOOKMARK [3][-]{subsubsection.6.2.4}{\376\377\000J\000o\000b\000\040\000C\000r\000e\000a\000t\000i\000o\000n}{subsection.6.2}% 77
\BOOKMARK [3][-]{subsubsection.6.2.5}{\376\377\000W\000a\000g\000e\000\040\000D\000e\000t\000e\000r\000m\000i\000n\000a\000t\000i\000o\000n}{subsection.6.2}% 78
\BOOKMARK [3][-]{subsubsection.6.2.6}{\376\377\000C\000o\000m\000p\000a\000r\000a\000t\000i\000v\000e\000\040\000A\000n\000a\000l\000y\000s\000i\000s}{subsection.6.2}% 79
\BOOKMARK [3][-]{subsubsection.6.2.7}{\376\377\000W\000e\000l\000f\000a\000r\000e\000\040\000A\000n\000a\000l\000y\000s\000i\000s}{subsection.6.2}% 80
\BOOKMARK [3][-]{subsubsection.6.2.8}{\376\377\000E\000n\000d\000o\000g\000e\000n\000o\000u\000s\000\040\000J\000o\000b\000\040\000D\000e\000s\000t\000r\000u\000c\000t\000i\000o\000n}{subsection.6.2}% 81
\BOOKMARK [1][-]{section.7}{\376\377\000L\000e\000c\000t\000u\000r\000e\000\040\0007\000:\000\040\000O\000v\000e\000r\000l\000a\000p\000p\000i\000n\000g\000\040\000G\000e\000n\000e\000r\000a\000t\000i\000o\000n\000s\000\040\000M\000o\000d\000e\000l}{}% 82
\BOOKMARK [2][-]{subsection.7.1}{\376\377\000A\000\040\000S\000i\000m\000p\000l\000e\000\040\000T\000w\000o\000-\000p\000e\000r\000i\000o\000d\000\040\000E\000x\000c\000h\000a\000n\000g\000e\000\040\000O\000L\000G\000\040\000m\000o\000d\000e\000l}{section.7}% 83
\BOOKMARK [3][-]{subsubsection.7.1.1}{\376\377\000M\000o\000d\000e\000l\000\040\000S\000e\000t\000t\000i\000n\000g}{subsection.7.1}% 84
\BOOKMARK [3][-]{subsubsection.7.1.2}{\376\377\000A\000r\000r\000o\000w\000-\000D\000e\000b\000r\000e\000u\000\040\000E\000q\000u\000i\000l\000i\000b\000r\000i\000u\000m}{subsection.7.1}% 85
\BOOKMARK [3][-]{subsubsection.7.1.3}{\376\377\000S\000e\000q\000u\000e\000n\000t\000i\000a\000l\000\040\000M\000a\000r\000k\000e\000t\000\040\000E\000q\000u\000i\000l\000i\000b\000r\000i\000u\000m}{subsection.7.1}% 86
\BOOKMARK [3][-]{subsubsection.7.1.4}{\376\377\000E\000q\000u\000i\000v\000a\000l\000e\000n\000c\000e\000\040\000b\000e\000t\000w\000e\000e\000n\000\040\000A\000D\000E\000\040\000a\000n\000d\000\040\000S\000M\000E}{subsection.7.1}% 87
\BOOKMARK [2][-]{subsection.7.2}{\376\377\000O\000f\000f\000e\000r\000\040\000C\000u\000r\000v\000e\000s}{section.7}% 88
\BOOKMARK [3][-]{subsubsection.7.2.1}{\376\377\000S\000e\000t\000t\000i\000n\000g\000s}{subsection.7.2}% 89
\BOOKMARK [3][-]{subsubsection.7.2.2}{\376\377\000F\000r\000o\000m\000\040\000t\000h\000e\000\040\000m\000o\000d\000e\000l}{subsection.7.2}% 90
\BOOKMARK [3][-]{subsubsection.7.2.3}{\376\377\000A\000n\000\040\000E\000x\000a\000m\000p\000l\000e}{subsection.7.2}% 91
\BOOKMARK [3][-]{subsubsection.7.2.4}{\376\377\000A\000u\000t\000a\000r\000k\000i\000c\000\040\000E\000q\000u\000i\000l\000i\000b\000r\000i\000u\000m}{subsection.7.2}% 92
\BOOKMARK [2][-]{subsection.7.3}{\376\377\000F\000e\000a\000t\000u\000r\000e\000s\000\040\000a\000b\000o\000u\000t\000\040\000O\000L\000G\000\040\000m\000o\000d\000e\000l}{section.7}% 93
\BOOKMARK [3][-]{subsubsection.7.3.1}{\376\377\000F\000e\000a\000t\000u\000r\000e\000\040\0001}{subsection.7.3}% 94
\BOOKMARK [3][-]{subsubsection.7.3.2}{\376\377\000F\000e\000a\000t\000u\000r\000e\000\040\0002}{subsection.7.3}% 95
\BOOKMARK [3][-]{subsubsection.7.3.3}{\376\377\000F\000e\000a\000t\000u\000r\000e\000\040\0003}{subsection.7.3}% 96
\BOOKMARK [2][-]{subsection.7.4}{\376\377\000T\000o\000p\000i\000c\000s\000\040\000f\000o\000r\000\040\000O\000L\000G}{section.7}% 97
\BOOKMARK [3][-]{subsubsection.7.4.1}{\376\377\000P\000o\000p\000u\000l\000a\000t\000i\000o\000n\000\040\000G\000r\000o\000w\000t\000h}{subsection.7.4}% 98
\BOOKMARK [3][-]{subsubsection.7.4.2}{\376\377\000S\000o\000c\000i\000a\000l\000\040\000S\000e\000c\000u\000r\000i\000t\000y}{subsection.7.4}% 99
\BOOKMARK [3][-]{subsubsection.7.4.3}{\376\377\000R\000i\000c\000a\000r\000d\000i\000a\000n\000\040\000E\000q\000u\000i\000v\000a\000l\000e\000n\000c\000e}{subsection.7.4}% 100
\BOOKMARK [3][-]{subsubsection.7.4.4}{\376\377\000O\000L\000G\000\040\000w\000i\000t\000h\000\040\000P\000r\000o\000d\000u\000c\000t\000i\000o\000n}{subsection.7.4}% 101
\BOOKMARK [1][-]{section.8}{\376\377\000L\000e\000c\000t\000u\000r\000e\000\040\0008\000:\000\040\000I\000n\000c\000o\000m\000p\000l\000e\000t\000e\000\040\000M\000a\000r\000k\000e\000t\000\040\000a\000n\000d\000\040\000I\000n\000e\000q\000u\000a\000l\000i\000t\000y}{}% 102
\BOOKMARK [2][-]{subsection.8.1}{\376\377\000A\000i\000y\000a\000g\000a\000r\000i\000'\000s\000\040\000M\000o\000d\000e\000l}{section.8}% 103
\BOOKMARK [3][-]{subsubsection.8.1.1}{\376\377\000M\000o\000d\000e\000l\000\040\000S\000e\000t\000t\000i\000n\000g\000s}{subsection.8.1}% 104
\BOOKMARK [3][-]{subsubsection.8.1.2}{\376\377\000S\000t\000a\000t\000i\000o\000n\000a\000r\000y\000\040\000C\000o\000m\000p\000e\000t\000i\000t\000i\000v\000e\000\040\000E\000q\000u\000i\000l\000i\000b\000r\000i\000u\000m}{subsection.8.1}% 105
\BOOKMARK [3][-]{subsubsection.8.1.3}{\376\377\000E\000q\000u\000i\000l\000i\000b\000r\000i\000u\000m\000\040\000i\000n\000\040\000C\000a\000p\000i\000t\000a\000l\000\040\000M\000a\000r\000k\000e\000t}{subsection.8.1}% 106
